# JRE version: OpenJDK Runtime Environment (8.0_152-b06) (build 1.8.0_152-release-1136-b06)
# Java VM: OpenJDK 64-Bit Server VM (25.152-b06 mixed mode linux-amd64 compressed oops)
Heap:
 PSYoungGen      total 294912K, used 18298K [0x00000000e0000000, 0x00000000f3680000, 0x0000000100000000)
  eden space 272896K, 0% used [0x00000000e0000000,0x00000000e0000000,0x00000000f0a80000)
  from space 22016K, 83% used [0x00000000f0a80000,0x00000000f1c5ebd8,0x00000000f2000000)
  to   space 22016K, 0% used [0x00000000f2000000,0x00000000f2000000,0x00000000f3580000)
 ParOldGen       total 78336K, used 35039K [0x00000000a0000000, 0x00000000a4c80000, 0x00000000e0000000)
  object space 78336K, 44% used [0x00000000a0000000,0x00000000a2237d38,0x00000000a4c80000)
 Metaspace       used 71770K, capacity 74101K, committed 74200K, reserved 1114112K
  class space    used 9659K, capacity 10196K, committed 10240K, reserved 1048576K
GC Heap History (10 events):
Event: 15,163 GC heap after
Heap after GC invocations=9 (full 2):
 PSYoungGen      total 134144K, used 0K [0x00000000e0000000, 0x00000000ee400000, 0x0000000100000000)
  eden space 123392K, 0% used [0x00000000e0000000,0x00000000e0000000,0x00000000e7880000)
  from space 10752K, 0% used [0x00000000e7880000,0x00000000e7880000,0x00000000e8300000)
  to   space 13312K, 0% used [0x00000000ed700000,0x00000000ed700000,0x00000000ee400000)
 ParOldGen       total 51712K, used 18874K [0x00000000a0000000, 0x00000000a3280000, 0x00000000e0000000)
  object space 51712K, 36% used [0x00000000a0000000,0x00000000a126e9b8,0x00000000a3280000)
 Metaspace       used 34539K, capacity 35145K, committed 35416K, reserved 1079296K
  class space    used 4789K, capacity 4992K, committed 4992K, reserved 1048576K
}
Event: 18,722 GC heap before
{Heap before GC invocations=10 (full 2):
 PSYoungGen      total 134144K, used 123392K [0x00000000e0000000, 0x00000000ee400000, 0x0000000100000000)
  eden space 123392K, 100% used [0x00000000e0000000,0x00000000e7880000,0x00000000e7880000)
  from space 10752K, 0% used [0x00000000e7880000,0x00000000e7880000,0x00000000e8300000)
  to   space 13312K, 0% used [0x00000000ed700000,0x00000000ed700000,0x00000000ee400000)
 ParOldGen       total 51712K, used 18874K [0x00000000a0000000, 0x00000000a3280000, 0x00000000e0000000)
  object space 51712K, 36% used [0x00000000a0000000,0x00000000a126e9b8,0x00000000a3280000)
 Metaspace       used 41999K, capacity 42791K, committed 43096K, reserved 1087488K
  class space    used 5705K, capacity 5973K, committed 6016K, reserved 1048576K
Event: 18,774 GC heap after
Heap after GC invocations=10 (full 2):
 PSYoungGen      total 215040K, used 13305K [0x00000000e0000000, 0x00000000ee400000, 0x0000000100000000)
  eden space 201728K, 0% used [0x00000000e0000000,0x00000000e0000000,0x00000000ec500000)
  from space 13312K, 99% used [0x00000000ed700000,0x00000000ee3fe440,0x00000000ee400000)
  to   space 15872K, 0% used [0x00000000ec500000,0x00000000ec500000,0x00000000ed480000)
 ParOldGen       total 51712K, used 20161K [0x00000000a0000000, 0x00000000a3280000, 0x00000000e0000000)
  object space 51712K, 38% used [0x00000000a0000000,0x00000000a13b0728,0x00000000a3280000)
 Metaspace       used 41999K, capacity 42791K, committed 43096K, reserved 1087488K
  class space    used 5705K, capacity 5973K, committed 6016K, reserved 1048576K
}
Event: 25,534 GC heap before
{Heap before GC invocations=11 (full 2):
 PSYoungGen      total 215040K, used 215033K [0x00000000e0000000, 0x00000000ee400000, 0x0000000100000000)
  eden space 201728K, 100% used [0x00000000e0000000,0x00000000ec500000,0x00000000ec500000)
  from space 13312K, 99% used [0x00000000ed700000,0x00000000ee3fe440,0x00000000ee400000)
  to   space 15872K, 0% used [0x00000000ec500000,0x00000000ec500000,0x00000000ed480000)
 ParOldGen       total 51712K, used 20161K [0x00000000a0000000, 0x00000000a3280000, 0x00000000e0000000)
  object space 51712K, 38% used [0x00000000a0000000,0x00000000a13b0728,0x00000000a3280000)
 Metaspace       used 55227K, capacity 56725K, committed 56792K, reserved 1097728K
  class space    used 7534K, capacity 7926K, committed 7936K, reserved 1048576K
Event: 25,600 GC heap after
Heap after GC invocations=11 (full 2):
 PSYoungGen      total 217600K, used 15844K [0x00000000e0000000, 0x00000000f3580000, 0x0000000100000000)
  eden space 201728K, 0% used [0x00000000e0000000,0x00000000e0000000,0x00000000ec500000)
  from space 15872K, 99% used [0x00000000ec500000,0x00000000ed4791e8,0x00000000ed480000)
  to   space 22016K, 0% used [0x00000000f2000000,0x00000000f2000000,0x00000000f3580000)
 ParOldGen       total 51712K, used 29292K [0x00000000a0000000, 0x00000000a3280000, 0x00000000e0000000)
  object space 51712K, 56% used [0x00000000a0000000,0x00000000a1c9b2c0,0x00000000a3280000)
 Metaspace       used 55227K, capacity 56725K, committed 56792K, reserved 1097728K
  class space    used 7534K, capacity 7926K, committed 7936K, reserved 1048576K
}
Event: 29,639 GC heap before
{Heap before GC invocations=12 (full 2):
 PSYoungGen      total 217600K, used 71620K [0x00000000e0000000, 0x00000000f3580000, 0x0000000100000000)
  eden space 201728K, 27% used [0x00000000e0000000,0x00000000e3678158,0x00000000ec500000)
  from space 15872K, 99% used [0x00000000ec500000,0x00000000ed4791e8,0x00000000ed480000)
  to   space 22016K, 0% used [0x00000000f2000000,0x00000000f2000000,0x00000000f3580000)
 ParOldGen       total 51712K, used 29292K [0x00000000a0000000, 0x00000000a3280000, 0x00000000e0000000)
  object space 51712K, 56% used [0x00000000a0000000,0x00000000a1c9b2c0,0x00000000a3280000)
 Metaspace       used 57379K, capacity 58989K, committed 59028K, reserved 1099776K
  class space    used 7801K, capacity 8180K, committed 8192K, reserved 1048576K
Event: 29,753 GC heap after
Heap after GC invocations=12 (full 2):
 PSYoungGen      total 294912K, used 12499K [0x00000000e0000000, 0x00000000f3680000, 0x0000000100000000)
  eden space 272896K, 0% used [0x00000000e0000000,0x00000000e0000000,0x00000000f0a80000)
  from space 22016K, 56% used [0x00000000f2000000,0x00000000f2c34d80,0x00000000f3580000)
  to   space 22016K, 0% used [0x00000000f0a80000,0x00000000f0a80000,0x00000000f2000000)
 ParOldGen       total 51712K, used 37605K [0x00000000a0000000, 0x00000000a3280000, 0x00000000e0000000)
  object space 51712K, 72% used [0x00000000a0000000,0x00000000a24b9448,0x00000000a3280000)
 Metaspace       used 57379K, capacity 58989K, committed 59028K, reserved 1099776K
  class space    used 7801K, capacity 8180K, committed 8192K, reserved 1048576K
}
Event: 29,756 GC heap before
{Heap before GC invocations=13 (full 3):
 PSYoungGen      total 294912K, used 12499K [0x00000000e0000000, 0x00000000f3680000, 0x0000000100000000)
  eden space 272896K, 0% used [0x00000000e0000000,0x00000000e0000000,0x00000000f0a80000)
  from space 22016K, 56% used [0x00000000f2000000,0x00000000f2c34d80,0x00000000f3580000)
  to   space 22016K, 0% used [0x00000000f0a80000,0x00000000f0a80000,0x00000000f2000000)
 ParOldGen       total 51712K, used 37605K [0x00000000a0000000, 0x00000000a3280000, 0x00000000e0000000)
  object space 51712K, 72% used [0x00000000a0000000,0x00000000a24b9448,0x00000000a3280000)
 Metaspace       used 57379K, capacity 58989K, committed 59028K, reserved 1099776K
  class space    used 7801K, capacity 8180K, committed 8192K, reserved 1048576K
Event: 30,104 GC heap after
Heap after GC invocations=13 (full 3):
 PSYoungGen      total 294912K, used 0K [0x00000000e0000000, 0x00000000f3680000, 0x0000000100000000)
  eden space 272896K, 0% used [0x00000000e0000000,0x00000000e0000000,0x00000000f0a80000)
  from space 22016K, 0% used [0x00000000f2000000,0x00000000f2000000,0x00000000f3580000)
  to   space 22016K, 0% used [0x00000000f0a80000,0x00000000f0a80000,0x00000000f2000000)
 ParOldGen       total 78336K, used 35031K [0x00000000a0000000, 0x00000000a4c80000, 0x00000000e0000000)
  object space 78336K, 44% used [0x00000000a0000000,0x00000000a2235d38,0x00000000a4c80000)
 Metaspace       used 57379K, capacity 58989K, committed 59028K, reserved 1099776K
  class space    used 7801K, capacity 8180K, committed 8192K, reserved 1048576K
}
Event: 38,047 GC heap before
{Heap before GC invocations=14 (full 3):
 PSYoungGen      total 294912K, used 272896K [0x00000000e0000000, 0x00000000f3680000, 0x0000000100000000)
  eden space 272896K, 100% used [0x00000000e0000000,0x00000000f0a80000,0x00000000f0a80000)
  from space 22016K, 0% used [0x00000000f2000000,0x00000000f2000000,0x00000000f3580000)
  to   space 22016K, 0% used [0x00000000f0a80000,0x00000000f0a80000,0x00000000f2000000)
 ParOldGen       total 78336K, used 35031K [0x00000000a0000000, 0x00000000a4c80000, 0x00000000e0000000)
  object space 78336K, 44% used [0x00000000a0000000,0x00000000a2235d38,0x00000000a4c80000)
 Metaspace       used 71770K, capacity 74101K, committed 74200K, reserved 1114112K
  class space    used 9659K, capacity 10196K, committed 10240K, reserved 1048576K

